#=============oOOOo================oOOOo=============
# 布线(Routing)
#====================================================
Info: 布线模式 : timing.
Info: 优化强度 : std.
Info: 读入布线资源并检查网表 ....
Info: 当前网表中有 29 个元件例示(instance).
Info: 总共需要对 90 条连线 (260 连接点) 进行布线.
Info: 连线 clk_c 指定为 PCLK (由 placer).
Info: 开始布线(routing).

Info: set customeized options 

| X1/X2 | X2H | X12D | X4/X6 |  XL |  LH |  LV | LVB | BNC | GFAN | X120 | X0-X0 | X1-X2 | X4-X6 
|   5   |   5 |   5  |   2   |   3 |   6 |   6 |   6 |   6 |   6  |  50  |   3   |   4   |   7   

| MALL | MLONG | MX0  | X12RAM | X46RAM | X12VIQ | X46VIQ | X12CLKV | PLO | CLO | X-LOCAL | CLKV+ | GFANn | GNDfo | GNDlut 
|   1  |   1   |   1  |    2   |    2   |    3   |    2   |     5   |  10 |   5 |    0    |   1   |   2   |    0  |    0   

Info: 第  0 轮 : 还需要对 63    条连线 (108   连接点)进行布线.
Info: 第  1 轮 : 还需要对 0     条连线 (0     连接点)进行布线.
Info: 完成布线.
Info: 开始更新物理网表.
Info:   为 14   个 SLICEL     建立了物理网表 .
Info:   为 6    个 TIEOFF     建立了物理网表 .
Info: 完成更新物理网表.
####
Info: 布线执行时间 : 1 秒.
####
 
Info: 生成最差时序余量(WNS)报告 ...
=============================================
Clock Name   Req Period  Setup WNS   Hold WNS
---------------------------------------------
clk               40000      35616        281
=============================================
【汇总】
Info(wns-ok): Setup WNS = 35616, 满足时序目标.
Info(wns-ok): Hold  WNS = 281, 满足时序目标.
====
Info: 完成WNS报告.
Info:   (可在文件 "C:/Users/17806/Desktop/Git/30K_EVB_DEMO/uart_demo/prj/hq/uart_demo/hq_run/uart_demo_slack.rpt" 中检查更详细信息).
====
Info: 输出网表报告到文件C:\Users\17806\Desktop\Git\30K_EVB_DEMO\uart_demo\prj\hq\uart_demo\hq_run\_route.rpt_chs中.
