
==========oOOOo===========================================oOOOo==========
=  HqFpga(TM) V3.0.5 (Summer 2024) Build FT091024
=  SEALION series FPGA development tool
=  Xian Intelligence Silicon Technology, Inc.(XiST)        _@)
 _________________________________________________________/ (
<_________________________________________________________  {}@8@@8@(*)
                                                          \_(
=  Copyright (c) 2020-2025 XiST                            @)
=  All rights reserved.
=========================================================================
Info: Fri Sep 13 11:07:31 2024.
Info: Launching program C:/hqv3_xist_3.0.5_FT091024_win64/build/win_x64/bin/hqfpga.exe .
Info: HqFpga is ready to work on host honor (Windows 11 64-bit).

[> puts "FLAG:TCLSOURCEBEGIN"
FLAG:TCLSOURCEBEGIN
[> pwd
C:/Users/17806/Desktop/Git/30K_EVB_DEMO/uHQCOMM Debug 127.0.0.1 HONOR 62944
HQCOMM Debug -blocking 1 -buffering full -buffersize 4096 -encoding utf-8 -eofchar {{} {}} -translation {auto crlf} -peername {127.0.0.1 HONOR 50003} -sockname {127.0.0.1 HONOR 62944}
sock708 has connect to localhost 50003.
HQUERY Debug 127.0.0.1 HONOR 62945
HQUERY Debug -blocking 1 -buffering full -buffersize 4096 -encoding utf-8 -eofchar {{} {}} -translation {auto crlf} -peername {127.0.0.1 HONOR 50002} -sockname {127.0.0.1 HONOR 62945}
HQUERY sock712 has connect to localhost 50002.
FLAG:TCLSOURCEBEGIN
Should only have: 5 0 in count
FLAG:TCLSOURCEEND
l/project.tcl}
1
[> catch {source ../hqui/resources/app/public/tcl/dealChinese.tcl}
1
[> catch {source resources/app/public/tcl/common.tcl}
1
[> catch {source "C:/hqv3_xist_3.0.5_FT091024_win64/build/win_x64/hqui/resources/app/public/tcl/common.tcl"}
0
[> catch {source resources/app/public/tcl/runSynthesis.tcl}
1
[> catch {source "C:/hqv3_xist_3.0.5_FT091024_win64/build/win_x64/hqui/resources/app/public/tcl/runSynthesis.tcl"}
0
[> catch {source resources/app/public/tcl/downloadBit.tcl}
1
[> catch {source "C:/hqv3_xist_3.0.5_FT091024_win64/build/win_x64/hqui/resources/app/public/tcl/downloadBit.tcl"}
0
[> catch {source resources/app/public/tcl/project.tcl}
1
[> catch {source "C:/hqv3_xist_3.0.5_FT091024_win64/build/win_x64/hqui/resources/app/public/tcl/project.tcl"}
0
[> catch {source resources/app/public/tcl/dealChinese.tcl}
1
[> catch {source "C:/hqv3_xist_3.0.5_FT091024_win64/build/win_x64/hqui/resources/app/public/tcl/dealChinese.tcl"}
0
[> puts "FLAG:TCLSOURCEEND"
FLAG:TCLSOURCEEND
[> getBuildInfo
FLAG:BUILDINFO:3.0.5 (Summer 2024) Build FT091024
[> exit
Info: Program terminating at Fri Sep 13 11:07:46 2024.
Info: Peak memory consumption is 10.9 M.
Info: Total runtime is 15 seconds.

